{"total": {"lines":{"total":243,"covered":197,"skipped":0,"pct":81.06},"statements":{"total":248,"covered":202,"skipped":0,"pct":81.45},"functions":{"total":53,"covered":39,"skipped":0,"pct":73.58},"branches":{"total":85,"covered":50,"skipped":0,"pct":58.82},"branchesTrue":{"total":0,"covered":0,"skipped":0,"pct":100}}
,"C:\\Users\\Sylvain.DESKTOP-CPV7DL5\\Desktop\\Brand_Test\\My Blog\\My_brand_MEN\\/server.js": {"lines":{"total":37,"covered":35,"skipped":0,"pct":94.59},"functions":{"total":3,"covered":2,"skipped":0,"pct":66.66},"statements":{"total":37,"covered":35,"skipped":0,"pct":94.59},"branches":{"total":2,"covered":1,"skipped":0,"pct":50}}
,"C:\\Users\\Sylvain.DESKTOP-CPV7DL5\\Desktop\\Brand_Test\\My Blog\\My_brand_MEN\\server\\controller\\/authController.js": {"lines":{"total":45,"covered":40,"skipped":0,"pct":88.88},"functions":{"total":14,"covered":12,"skipped":0,"pct":85.71},"statements":{"total":47,"covered":42,"skipped":0,"pct":89.36},"branches":{"total":18,"covered":13,"skipped":0,"pct":72.22}}
,"C:\\Users\\Sylvain.DESKTOP-CPV7DL5\\Desktop\\Brand_Test\\My Blog\\My_brand_MEN\\server\\controller\\/blogController.js": {"lines":{"total":43,"covered":32,"skipped":0,"pct":74.41},"functions":{"total":18,"covered":12,"skipped":0,"pct":66.66},"statements":{"total":43,"covered":32,"skipped":0,"pct":74.41},"branches":{"total":16,"covered":8,"skipped":0,"pct":50}}
,"C:\\Users\\Sylvain.DESKTOP-CPV7DL5\\Desktop\\Brand_Test\\My Blog\\My_brand_MEN\\server\\controller\\/messageController.js": {"lines":{"total":19,"covered":10,"skipped":0,"pct":52.63},"functions":{"total":9,"covered":4,"skipped":0,"pct":44.44},"statements":{"total":19,"covered":10,"skipped":0,"pct":52.63},"branches":{"total":6,"covered":1,"skipped":0,"pct":16.66}}
,"C:\\Users\\Sylvain.DESKTOP-CPV7DL5\\Desktop\\Brand_Test\\My Blog\\My_brand_MEN\\server\\database\\/connection.js": {"lines":{"total":22,"covered":14,"skipped":0,"pct":63.63},"functions":{"total":3,"covered":3,"skipped":0,"pct":100},"statements":{"total":23,"covered":15,"skipped":0,"pct":65.21},"branches":{"total":13,"covered":8,"skipped":0,"pct":61.53}}
,"C:\\Users\\Sylvain.DESKTOP-CPV7DL5\\Desktop\\Brand_Test\\My Blog\\My_brand_MEN\\server\\middleware\\/authMiddleware.js": {"lines":{"total":21,"covered":16,"skipped":0,"pct":76.19},"functions":{"total":2,"covered":2,"skipped":0,"pct":100},"statements":{"total":21,"covered":16,"skipped":0,"pct":76.19},"branches":{"total":12,"covered":7,"skipped":0,"pct":58.33}}
,"C:\\Users\\Sylvain.DESKTOP-CPV7DL5\\Desktop\\Brand_Test\\My Blog\\My_brand_MEN\\server\\model\\/authModel.js": {"lines":{"total":13,"covered":13,"skipped":0,"pct":100},"functions":{"total":4,"covered":4,"skipped":0,"pct":100},"statements":{"total":15,"covered":15,"skipped":0,"pct":100},"branches":{"total":14,"covered":10,"skipped":0,"pct":71.42}}
,"C:\\Users\\Sylvain.DESKTOP-CPV7DL5\\Desktop\\Brand_Test\\My Blog\\My_brand_MEN\\server\\model\\/messageModel.js": {"lines":{"total":4,"covered":4,"skipped":0,"pct":100},"functions":{"total":0,"covered":0,"skipped":0,"pct":100},"statements":{"total":4,"covered":4,"skipped":0,"pct":100},"branches":{"total":0,"covered":0,"skipped":0,"pct":100}}
,"C:\\Users\\Sylvain.DESKTOP-CPV7DL5\\Desktop\\Brand_Test\\My Blog\\My_brand_MEN\\server\\model\\/model.js": {"lines":{"total":4,"covered":4,"skipped":0,"pct":100},"functions":{"total":0,"covered":0,"skipped":0,"pct":100},"statements":{"total":4,"covered":4,"skipped":0,"pct":100},"branches":{"total":0,"covered":0,"skipped":0,"pct":100}}
,"C:\\Users\\Sylvain.DESKTOP-CPV7DL5\\Desktop\\Brand_Test\\My Blog\\My_brand_MEN\\server\\routes\\/authRoutes.js": {"lines":{"total":9,"covered":9,"skipped":0,"pct":100},"functions":{"total":0,"covered":0,"skipped":0,"pct":100},"statements":{"total":9,"covered":9,"skipped":0,"pct":100},"branches":{"total":0,"covered":0,"skipped":0,"pct":100}}
,"C:\\Users\\Sylvain.DESKTOP-CPV7DL5\\Desktop\\Brand_Test\\My Blog\\My_brand_MEN\\server\\routes\\/blogRoutes.js": {"lines":{"total":18,"covered":12,"skipped":0,"pct":66.66},"functions":{"total":0,"covered":0,"skipped":0,"pct":100},"statements":{"total":18,"covered":12,"skipped":0,"pct":66.66},"branches":{"total":4,"covered":2,"skipped":0,"pct":50}}
,"C:\\Users\\Sylvain.DESKTOP-CPV7DL5\\Desktop\\Brand_Test\\My Blog\\My_brand_MEN\\server\\routes\\/messageRoute.js": {"lines":{"total":8,"covered":8,"skipped":0,"pct":100},"functions":{"total":0,"covered":0,"skipped":0,"pct":100},"statements":{"total":8,"covered":8,"skipped":0,"pct":100},"branches":{"total":0,"covered":0,"skipped":0,"pct":100}}
}
