TN:
SF:server.js
FN:58,(anonymous_0)
FN:70,(anonymous_1)
FNF:2
FNH:2
FNDA:1,(anonymous_0)
FNDA:1,(anonymous_1)
DA:1,1
DA:2,1
DA:3,1
DA:4,1
DA:5,1
DA:6,1
DA:9,1
DA:10,1
DA:12,1
DA:15,1
DA:18,1
DA:19,1
DA:20,1
DA:24,1
DA:25,1
DA:30,1
DA:33,1
DA:34,1
DA:37,1
DA:38,1
DA:42,1
DA:46,1
DA:58,1
DA:59,1
DA:62,1
DA:63,1
DA:65,1
DA:66,1
DA:68,1
DA:70,1
DA:71,1
LF:31
LH:31
BRDA:20,0,0,1
BRDA:20,0,1,0
BRF:2
BRH:1
end_of_record
TN:
SF:server\controller\authController.js
FN:5,handleErrors
FN:18,(anonymous_1)
FN:29,createToken
FN:35,(anonymous_3)
FN:35,_callee
FN:35,signup_post_contro
FN:56,(anonymous_7)
FN:56,_callee2
FN:56,login_post_contro
FN:79,logout_get_contro
FN:85,get_all_users
FN:87,(anonymous_13)
FN:90,(anonymous_14)
FNF:13
FNH:10
FNDA:0,handleErrors
FNDA:0,(anonymous_1)
FNDA:2,createToken
FNDA:1,(anonymous_3)
FNDA:3,_callee
FNDA:1,signup_post_contro
FNDA:1,(anonymous_7)
FNDA:3,_callee2
FNDA:1,login_post_contro
FNDA:1,logout_get_contro
FNDA:1,get_all_users
FNDA:1,(anonymous_13)
FNDA:0,(anonymous_14)
DA:1,1
DA:2,1
DA:5,1
DA:6,0
DA:7,0
DA:10,0
DA:11,0
DA:12,0
DA:16,0
DA:18,0
DA:20,0
DA:24,0
DA:28,1
DA:29,1
DA:30,2
DA:35,13
DA:39,1
DA:40,1
DA:45,1
DA:51,0
DA:52,0
DA:56,13
DA:59,1
DA:60,1
DA:66,1
DA:73,0
DA:79,1
DA:81,1
DA:82,1
DA:85,1
DA:86,1
DA:88,1
DA:92,0
LF:33
LH:20
BRDA:10,0,0,0
BRDA:10,0,1,0
BRDA:16,1,0,0
BRDA:16,1,1,0
BRDA:35,2,0,1
BRDA:35,2,1,1
BRDA:35,2,2,0
BRDA:35,2,3,1
BRDA:35,2,4,1
BRDA:56,3,0,1
BRDA:56,3,1,1
BRDA:56,3,2,0
BRDA:56,3,3,1
BRDA:56,3,4,1
BRDA:92,4,0,0
BRDA:92,4,1,0
BRF:16
BRH:8
end_of_record
TN:
SF:server\controller\blogController.js
FN:5,create
FN:25,(anonymous_1)
FN:29,(anonymous_2)
FN:39,find
FN:44,(anonymous_4)
FN:54,(anonymous_5)
FN:62,(anonymous_6)
FN:65,(anonymous_7)
FN:73,update
FN:82,(anonymous_9)
FN:84,(anonymous_10)
FN:97,(anonymous_11)
FN:101,(anonymous_12)
FN:106,delet
FN:110,(anonymous_14)
FN:120,(anonymous_15)
FNF:16
FNH:4
FNDA:5,create
FNDA:5,(anonymous_1)
FNDA:0,(anonymous_2)
FNDA:3,find
FNDA:0,(anonymous_4)
FNDA:0,(anonymous_5)
FNDA:3,(anonymous_6)
FNDA:0,(anonymous_7)
FNDA:0,update
FNDA:0,(anonymous_9)
FNDA:0,(anonymous_10)
FNDA:0,(anonymous_11)
FNDA:0,(anonymous_12)
FNDA:0,delet
FNDA:0,(anonymous_14)
FNDA:0,(anonymous_15)
DA:1,1
DA:5,1
DA:8,5
DA:9,0
DA:12,0
DA:16,5
DA:23,5
DA:27,5
DA:31,0
DA:39,1
DA:40,3
DA:41,0
DA:43,0
DA:45,0
DA:47,0
DA:51,0
DA:56,0
DA:61,3
DA:63,3
DA:67,0
DA:73,1
DA:74,0
DA:75,0
DA:80,0
DA:81,0
DA:83,0
DA:85,0
DA:86,0
DA:89,0
DA:98,0
DA:102,0
DA:106,1
DA:107,0
DA:109,0
DA:111,0
DA:112,0
DA:115,0
DA:121,0
LF:38
LH:12
BRDA:8,0,0,0
BRDA:8,0,1,5
BRDA:40,1,0,0
BRDA:40,1,1,3
BRDA:45,2,0,0
BRDA:45,2,1,0
BRDA:67,3,0,0
BRDA:67,3,1,0
BRDA:74,4,0,0
BRDA:74,4,1,0
BRDA:85,5,0,0
BRDA:85,5,1,0
BRDA:111,6,0,0
BRDA:111,6,1,0
BRF:14
BRH:2
end_of_record
TN:
SF:server\database\connection.js
FN:17,(anonymous_0)
FN:17,_callee
FN:17,connectDB
FNF:3
FNH:3
FNDA:1,(anonymous_0)
FNDA:3,_callee
FNDA:1,connectDB
DA:1,1
DA:2,1
DA:3,1
DA:5,1
DA:9,1
DA:10,0
DA:13,1
DA:14,1
DA:17,12
DA:20,1
DA:27,1
DA:30,0
DA:31,0
DA:35,1
LF:14
LH:11
BRDA:9,0,0,0
BRDA:9,0,1,1
BRDA:13,1,0,1
BRDA:13,1,1,0
BRDA:17,2,0,1
BRDA:17,2,1,1
BRDA:17,2,2,0
BRDA:17,2,3,1
BRDA:17,2,4,1
BRF:9
BRH:6
end_of_record
TN:
SF:server\middleware\authMiddleware.js
FN:7,requireAuth
FN:29,(anonymous_1)
FNF:2
FNH:2
FNDA:2,requireAuth
FNDA:1,(anonymous_1)
DA:1,1
DA:2,1
DA:3,1
DA:5,1
DA:7,1
DA:13,2
DA:17,2
DA:18,0
DA:20,2
DA:21,2
DA:23,2
DA:25,1
DA:26,1
DA:28,1
DA:29,1
DA:30,1
DA:33,0
DA:37,1
DA:47,1
DA:48,1
DA:53,1
LF:21
LH:19
BRDA:17,0,0,0
BRDA:17,0,1,2
BRDA:20,1,0,2
BRDA:20,1,1,0
BRDA:23,2,0,1
BRDA:23,2,1,1
BRDA:28,3,0,1
BRDA:28,3,1,0
BRDA:30,4,0,0
BRDA:30,4,1,1
BRF:10
BRH:6
end_of_record
TN:
SF:server\model\authModel.js
FN:28,(anonymous_0)
FN:28,_callee
FN:37,(anonymous_4)
FN:37,_callee2
FNF:4
FNH:4
FNDA:2,(anonymous_0)
FNDA:4,_callee
FNDA:2,(anonymous_4)
FNDA:5,_callee2
DA:1,1
DA:2,1
DA:3,1
DA:6,1
DA:28,12
DA:30,1
DA:31,1
DA:32,1
DA:37,17
DA:38,1
DA:41,1
DA:48,1
DA:50,1
LF:13
LH:13
BRDA:28,0,0,1
BRDA:28,0,1,1
BRDA:28,0,2,1
BRDA:28,0,3,1
BRDA:28,0,4,1
BRDA:37,1,0,1
BRDA:37,1,1,1
BRDA:37,1,2,1
BRDA:37,1,3,0
BRDA:37,1,4,0
BRDA:37,1,5,0
BRDA:37,1,6,1
BRDA:37,2,0,0
BRDA:37,2,1,2
BRF:14
BRH:10
end_of_record
TN:
SF:server\model\model.js
FNF:0
FNH:0
DA:1,1
DA:2,1
DA:16,1
DA:18,1
LF:4
LH:4
BRF:0
BRH:0
end_of_record
TN:
SF:server\routes\authRoutes.js
FNF:0
FNH:0
DA:1,1
DA:2,1
DA:3,1
DA:4,1
DA:5,1
DA:7,1
DA:8,1
DA:9,1
DA:10,1
DA:15,1
DA:16,1
DA:17,1
DA:18,1
DA:20,1
LF:14
LH:14
BRF:0
BRH:0
end_of_record
TN:
SF:server\routes\blogRoutes.js
FNF:0
FNH:0
DA:1,1
DA:2,1
DA:3,1
DA:6,1
DA:7,1
DA:9,1
DA:10,1
DA:11,1
DA:12,1
DA:13,1
DA:17,1
DA:18,0
DA:19,0
DA:20,0
DA:21,0
DA:22,0
DA:26,1
DA:27,1
DA:28,1
DA:29,1
DA:30,1
DA:32,1
LF:22
LH:17
BRDA:17,0,0,0
BRDA:17,0,1,1
BRF:2
BRH:1
end_of_record
TN:
SF:server\services\authRender.js
FN:2,signup_get
FN:6,login_get
FN:11,signup_post
FN:17,login_post
FNF:4
FNH:0
FNDA:0,signup_get
FNDA:0,login_get
FNDA:0,signup_post
FNDA:0,login_post
DA:2,1
DA:3,0
DA:6,1
DA:7,0
DA:11,1
DA:12,0
DA:13,0
DA:14,0
DA:17,1
DA:18,0
DA:20,0
LF:11
LH:4
BRF:0
BRH:0
end_of_record
TN:
SF:server\services\render.js
FN:1,homeRoutes
FN:5,allBlogsRoutes
FN:9,addBlogRoutes
FN:13,updateBlogRoutes
FN:17,deleteBlogRoutes
FNF:5
FNH:1
FNDA:1,homeRoutes
FNDA:0,allBlogsRoutes
FNDA:0,addBlogRoutes
FNDA:0,updateBlogRoutes
FNDA:0,deleteBlogRoutes
DA:1,1
DA:2,1
DA:5,1
DA:6,0
DA:9,1
DA:10,0
DA:13,1
DA:14,0
DA:17,1
DA:18,0
LF:10
LH:6
BRF:0
BRH:0
end_of_record
