TN:
SF:server.js
FN:60,(anonymous_0)
FN:72,(anonymous_1)
FNF:2
FNH:2
FNDA:1,(anonymous_0)
FNDA:1,(anonymous_1)
DA:1,1
DA:2,1
DA:3,1
DA:4,1
DA:5,1
DA:6,1
DA:7,1
DA:10,1
DA:11,1
DA:13,1
DA:16,1
DA:19,1
DA:21,1
DA:25,1
DA:26,1
DA:27,1
DA:32,1
DA:35,1
DA:36,1
DA:39,1
DA:40,1
DA:44,1
DA:48,1
DA:60,1
DA:61,1
DA:64,1
DA:65,1
DA:67,1
DA:68,1
DA:70,1
DA:72,1
DA:73,1
LF:32
LH:32
BRDA:21,0,0,1
BRDA:21,0,1,0
BRF:2
BRH:1
end_of_record
TN:
SF:server\controller\authController.js
FN:8,handleErrors
FN:25,createToken
FN:31,(anonymous_2)
FN:31,_callee
FN:31,signup_post_contro
FN:55,(anonymous_6)
FN:55,_callee2
FN:55,login_post_contro
FN:79,logout_get_contro
FN:82,(anonymous_11)
FN:94,get_all_users
FN:96,(anonymous_13)
FN:99,(anonymous_14)
FNF:13
FNH:12
FNDA:2,handleErrors
FNDA:3,createToken
FNDA:1,(anonymous_2)
FNDA:9,_callee
FNDA:3,signup_post_contro
FNDA:1,(anonymous_6)
FNDA:6,_callee2
FNDA:2,login_post_contro
FNDA:1,logout_get_contro
FNDA:1,(anonymous_11)
FNDA:1,get_all_users
FNDA:1,(anonymous_13)
FNDA:0,(anonymous_14)
DA:1,1
DA:2,1
DA:3,1
DA:4,1
DA:6,1
DA:8,1
DA:10,2
DA:12,2
DA:13,1
DA:14,1
DA:17,1
DA:18,1
DA:19,1
DA:24,1
DA:25,1
DA:26,3
DA:31,37
DA:33,3
DA:34,3
DA:36,1
DA:37,1
DA:38,1
DA:41,1
DA:48,2
DA:49,2
DA:50,2
DA:55,26
DA:58,2
DA:59,2
DA:61,2
DA:65,2
DA:73,0
DA:79,1
DA:80,1
DA:81,1
DA:82,1
DA:83,1
DA:84,1
DA:87,0
DA:94,1
DA:95,1
DA:97,1
DA:101,0
LF:43
LH:40
BRDA:12,0,0,1
BRDA:12,0,1,1
BRDA:17,1,0,1
BRDA:17,1,1,0
BRDA:31,2,0,3
BRDA:31,2,1,1
BRDA:31,2,2,2
BRDA:31,2,3,3
BRDA:31,2,4,3
BRDA:55,3,0,2
BRDA:55,3,1,2
BRDA:55,3,2,0
BRDA:55,3,3,2
BRDA:55,3,4,2
BRDA:83,4,0,1
BRDA:83,4,1,0
BRDA:101,5,0,0
BRDA:101,5,1,0
BRF:18
BRH:13
end_of_record
TN:
SF:server\controller\blogController.js
FN:5,create
FN:24,(anonymous_1)
FN:28,(anonymous_2)
FN:39,find
FN:44,(anonymous_4)
FN:54,(anonymous_5)
FN:62,(anonymous_6)
FN:65,(anonymous_7)
FN:73,update
FN:81,(anonymous_9)
FN:83,(anonymous_10)
FN:96,(anonymous_11)
FN:100,(anonymous_12)
FN:106,addComment
FN:113,(anonymous_14)
FN:123,delet
FN:127,(anonymous_16)
FN:139,(anonymous_17)
FNF:18
FNH:12
FNDA:3,create
FNDA:3,(anonymous_1)
FNDA:0,(anonymous_2)
FNDA:4,find
FNDA:1,(anonymous_4)
FNDA:0,(anonymous_5)
FNDA:3,(anonymous_6)
FNDA:0,(anonymous_7)
FNDA:1,update
FNDA:1,(anonymous_9)
FNDA:1,(anonymous_10)
FNDA:0,(anonymous_11)
FNDA:0,(anonymous_12)
FNDA:1,addComment
FNDA:1,(anonymous_14)
FNDA:1,delet
FNDA:1,(anonymous_16)
FNDA:0,(anonymous_17)
DA:1,1
DA:5,1
DA:7,3
DA:8,0
DA:15,3
DA:22,3
DA:26,3
DA:30,0
DA:39,1
DA:40,4
DA:41,1
DA:43,1
DA:45,1
DA:47,0
DA:51,1
DA:56,0
DA:61,3
DA:63,3
DA:67,0
DA:73,1
DA:74,1
DA:75,0
DA:79,1
DA:80,1
DA:82,1
DA:84,1
DA:85,0
DA:88,1
DA:97,0
DA:101,0
DA:106,1
DA:107,1
DA:108,1
DA:110,1
DA:114,1
DA:115,0
DA:118,1
DA:123,1
DA:124,1
DA:126,1
DA:128,1
DA:129,0
DA:130,0
DA:133,1
DA:140,0
LF:45
LH:32
BRDA:7,0,0,0
BRDA:7,0,1,3
BRDA:40,1,0,1
BRDA:40,1,1,3
BRDA:45,2,0,0
BRDA:45,2,1,1
BRDA:67,3,0,0
BRDA:67,3,1,0
BRDA:74,4,0,0
BRDA:74,4,1,1
BRDA:84,5,0,0
BRDA:84,5,1,1
BRDA:114,6,0,0
BRDA:114,6,1,1
BRDA:128,7,0,0
BRDA:128,7,1,1
BRF:16
BRH:8
end_of_record
TN:
SF:server\database\connection.js
FN:27,(anonymous_0)
FN:27,_callee
FN:27,connectDB
FNF:3
FNH:3
FNDA:1,(anonymous_0)
FNDA:3,_callee
FNDA:1,connectDB
DA:1,1
DA:2,1
DA:3,1
DA:5,1
DA:10,1
DA:11,0
DA:12,0
DA:16,1
DA:17,1
DA:18,1
DA:23,0
DA:24,0
DA:27,12
DA:30,1
DA:36,1
DA:37,0
DA:41,1
DA:42,1
DA:47,0
DA:51,0
DA:52,0
DA:56,1
LF:22
LH:14
BRDA:10,0,0,0
BRDA:10,0,1,1
BRDA:16,1,0,1
BRDA:16,1,1,0
BRDA:27,2,0,1
BRDA:27,2,1,1
BRDA:27,2,2,0
BRDA:27,2,3,1
BRDA:27,2,4,1
BRDA:36,3,0,0
BRDA:36,3,1,1
BRDA:41,4,0,1
BRDA:41,4,1,0
BRF:13
BRH:8
end_of_record
TN:
SF:server\middleware\authMiddleware.js
FN:7,requireAuth
FN:32,(anonymous_1)
FNF:2
FNH:2
FNDA:1,requireAuth
FNDA:1,(anonymous_1)
DA:1,1
DA:2,1
DA:3,1
DA:5,1
DA:7,1
DA:17,1
DA:18,0
DA:20,1
DA:21,1
DA:24,0
DA:26,1
DA:28,1
DA:29,1
DA:31,1
DA:32,1
DA:33,1
DA:35,0
DA:38,1
DA:48,0
DA:54,1
LF:20
LH:16
BRDA:17,0,0,0
BRDA:17,0,1,1
BRDA:20,1,0,1
BRDA:20,1,1,0
BRDA:26,2,0,1
BRDA:26,2,1,0
BRDA:31,3,0,1
BRDA:31,3,1,0
BRDA:33,4,0,0
BRDA:33,4,1,1
BRF:10
BRH:5
end_of_record
TN:
SF:server\model\authModel.js
FN:27,(anonymous_0)
FN:27,_callee
FN:36,(anonymous_4)
FN:36,_callee2
FNF:4
FNH:4
FNDA:3,(anonymous_0)
FNDA:8,_callee
FNDA:3,(anonymous_4)
FNDA:10,_callee2
DA:1,1
DA:2,1
DA:3,1
DA:5,1
DA:27,24
DA:29,2
DA:30,2
DA:31,2
DA:36,34
DA:37,2
DA:40,2
DA:47,1
DA:49,1
LF:13
LH:13
BRDA:27,0,0,2
BRDA:27,0,1,2
BRDA:27,0,2,2
BRDA:27,0,3,2
BRDA:27,0,4,2
BRDA:36,1,0,2
BRDA:36,1,1,2
BRDA:36,1,2,2
BRDA:36,1,3,0
BRDA:36,1,4,0
BRDA:36,1,5,0
BRDA:36,1,6,2
BRDA:36,2,0,0
BRDA:36,2,1,4
BRF:14
BRH:10
end_of_record
TN:
SF:server\model\model.js
FNF:0
FNH:0
DA:1,1
DA:2,1
DA:21,1
DA:23,1
LF:4
LH:4
BRF:0
BRH:0
end_of_record
TN:
SF:server\routes\authRoutes.js
FNF:0
FNH:0
DA:1,1
DA:2,1
DA:3,1
DA:7,1
DA:8,1
DA:9,1
DA:10,1
DA:12,1
LF:8
LH:8
BRF:0
BRH:0
end_of_record
TN:
SF:server\routes\blogRoutes.js
FNF:0
FNH:0
DA:1,1
DA:2,1
DA:3,1
DA:4,1
DA:7,1
DA:8,1
DA:9,1
DA:10,1
DA:11,1
DA:12,1
DA:13,1
DA:17,0
DA:18,0
DA:19,0
DA:20,0
DA:21,0
DA:22,0
DA:25,1
LF:18
LH:12
BRDA:7,0,0,1
BRDA:7,0,1,0
BRDA:7,1,0,1
BRDA:7,1,1,0
BRF:4
BRH:2
end_of_record
